<?xml version="1.0" encoding="UTF-8"?>
<!-- Generated by org.testng.reporters.JUnitXMLReporter -->
<testsuite ignored="0" hostname="DESKTOP-3DNPKD4" failures="2" tests="3" name="Error Validations Test" time="23.955" errors="0" timestamp="2024-10-17T09:13:02 IST">
  <testcase classname="roshanshambharkar.ErrorValidations" name="Login" time="1.298">
    <skipped/>
  </testcase> <!-- Login -->
  <testcase classname="roshanshambharkar.ErrorValidations" name="Login" time="1.012">
    <failure type="java.lang.AssertionError" message="expected [Incorrect email or password.] but found [Incorrect email password]">
      <![CDATA[java.lang.AssertionError: expected [Incorrect email or password.] but found [Incorrect email password]
at roshanshambharkar.ErrorValidations.Login(ErrorValidations.java:35)
at java.base/java.util.ArrayList.forEach(ArrayList.java:1596)
at java.base/java.util.concurrent.FutureTask.run(FutureTask.java:317)
at java.base/java.util.concurrent.ThreadPoolExecutor.runWorker(ThreadPoolExecutor.java:1144)
at java.base/java.util.concurrent.ThreadPoolExecutor$Worker.run(ThreadPoolExecutor.java:642)
at java.base/java.lang.Thread.run(Thread.java:1583)
... Removed 21 stack frames]]>
    </failure>
  </testcase> <!-- Login -->
  <testcase classname="roshanshambharkar.ErrorValidations" name="productErrorValidation" time="3.158">
    <failure type="java.lang.AssertionError" message="expected [false] but found [true]">
      <![CDATA[java.lang.AssertionError: expected [false] but found [true]
at roshanshambharkar.ErrorValidations.productErrorValidation(ErrorValidations.java:47)
at java.base/java.util.ArrayList.forEach(ArrayList.java:1596)
at java.base/java.util.concurrent.FutureTask.run(FutureTask.java:317)
at java.base/java.util.concurrent.ThreadPoolExecutor.runWorker(ThreadPoolExecutor.java:1144)
at java.base/java.util.concurrent.ThreadPoolExecutor$Worker.run(ThreadPoolExecutor.java:642)
at java.base/java.lang.Thread.run(Thread.java:1583)
... Removed 19 stack frames]]>
    </failure>
  </testcase> <!-- productErrorValidation -->
</testsuite> <!-- Error Validations Test -->
